\BOOKMARK [1][-]{section.1}{\376\377\121\124\133\120\176\101\153\226}{}% 1
\BOOKMARK [2][-]{subsection.1.1}{\376\377\220\022\143\250\166\204\140\035\140\363}{section.1}% 2
\BOOKMARK [2][-]{subsection.1.2}{\376\377\145\220\154\342\220\243\131\121\145\160\122\027}{section.1}% 3
\BOOKMARK [2][-]{subsection.1.3}{\376\377\220\022\137\122\166\204\133\236\163\260}{section.1}% 4
\BOOKMARK [1][-]{section.2}{\376\377\147\000\131\047\121\154\176\246\145\160}{}% 5
\BOOKMARK [2][-]{subsection.2.1}{\376\377\217\227\217\154\166\370\226\144\154\325}{section.2}% 6
\BOOKMARK [2][-]{subsection.2.2}{\376\377\200\001\230\230\145\260\120\132}{section.2}% 7
\BOOKMARK [1][-]{section.3}{\376\377\215\160\121\372\217\367\133\253}{}% 8
\BOOKMARK [2][-]{subsection.3.1}{\376\377\217\367\133\253\174\173\225\356\230\230}{section.3}% 9
\BOOKMARK [2][-]{subsection.3.2}{\376\377\171\072\117\213\116\343\170\001}{section.3}% 10
\BOOKMARK [1][-]{section.4}{\376\377\060\020\210\145\150\143\060\021\145\164\164\006\133\146\165\037\142\020\176\351\210\150\150\074}{}% 11
\BOOKMARK [2][-]{subsection.4.1}{\376\377\131\202\117\125\133\241\230\230}{section.4}% 12
\BOOKMARK [2][-]{subsection.4.2}{\376\377\145\160\143\156\176\323\147\204\213\276\213\241}{section.4}% 13
\BOOKMARK [3][-]{subsubsection.4.2.1}{\376\377\122\027\210\150\000o\000r\133\127\121\170}{subsection.4.2}% 14
\BOOKMARK [3][-]{subsubsection.4.2.2}{\376\377\117\335\133\130\134\075\123\357\200\375\134\021\166\204\117\341\140\157}{subsection.4.2}% 15
\BOOKMARK [2][-]{subsection.4.3}{\376\377\146\023\225\031\160\271}{section.4}% 16
\BOOKMARK [3][-]{subsubsection.4.3.1}{\376\377\131\032\225\056\143\222\136\217}{subsection.4.3}% 17
\BOOKMARK [3][-]{subsubsection.4.3.2}{\376\377\145\160\143\156\156\005\155\027}{subsection.4.3}% 18
\BOOKMARK [2][-]{subsection.4.4}{\376\377\143\247\122\066\217\223\121\372}{section.4}% 19
\BOOKMARK [3][-]{subsubsection.4.4.1}{\376\377\000s\000e\000p\123\302\145\160}{subsection.4.4}% 20
\BOOKMARK [3][-]{subsubsection.4.4.2}{\376\377\133\127\173\046\116\062\142\374\143\245}{subsection.4.4}% 21
\BOOKMARK [3][-]{subsubsection.4.4.3}{\376\377\000f\000o\000r\000m\000a\000t\135\345\121\167}{subsection.4.4}% 22
